#
# There is insufficient memory for the Java Runtime Environment to continue.
# Native memory allocation (malloc) failed to allocate 1048576 bytes for AllocateHeap
# Possible reasons:
#   The system is out of physical RAM or swap space
#   In 32 bit mode, the process size limit was hit
# Possible solutions:
#   Reduce memory load on the system
#   Increase physical memory or swap space
#   Check if swap backing store is full
#   Use 64 bit Java on a 64 bit OS
#   Decrease Java heap size (-Xmx/-Xms)
#   Decrease number of Java threads
#   Decrease Java thread stack sizes (-Xss)
#   Set larger code cache with -XX:ReservedCodeCacheSize=
# This output file may be truncated or incomplete.
#
#  Out of Memory Error (memory/allocation.inline.hpp:61), pid=13268, tid=19100
#
# JRE version:  (8.0_40-b26) (build )
# Java VM: Java HotSpot(TM) 64-Bit Server VM (25.40-b25 mixed mode windows-amd64 compressed oops)
# Failed to write core dump. Minidumps are not enabled by default on client versions of Windows
#

---------------  T H R E A D  ---------------

Current thread (0x00000000027d0800):  JavaThread "Unknown thread" [_thread_in_vm, id=19100, stack(0x00000000022a0000,0x00000000023a0000)]

Stack: [0x00000000022a0000,0x00000000023a0000]
Native frames: (J=compiled Java code, j=interpreted, Vv=VM code, C=native code)
V  [jvm.dll+0x32b47a]
V  [jvm.dll+0x2797f3]
V  [jvm.dll+0x27a489]
V  [jvm.dll+0x2717a5]
V  [jvm.dll+0x1606]
V  [jvm.dll+0x270812]
V  [jvm.dll+0x3eeb5a]
V  [jvm.dll+0x3ea707]
V  [jvm.dll+0xf2c12]
V  [jvm.dll+0x20f139]
V  [jvm.dll+0x240d9a]
V  [jvm.dll+0x15b941]
C  [java.exe+0x216e]
C  [java.exe+0xcce7]
C  [java.exe+0xcd7b]
C  [KERNEL32.DLL+0x12774]
C  [ntdll.dll+0x70d61]


---------------  P R O C E S S  ---------------

Java Threads: ( => current thread )

Other Threads:

=>0x00000000027d0800 (exited) JavaThread "Unknown thread" [_thread_in_vm, id=19100, stack(0x00000000022a0000,0x00000000023a0000)]

VM state:not at safepoint (normal execution)

VM Mutex/Monitor currently owned by a thread: None

Heap:
 PSYoungGen      total 38400K, used 665K [0x00000000eab00000, 0x00000000ed580000, 0x0000000100000000)
  eden space 33280K, 2% used [0x00000000eab00000,0x00000000eaba6670,0x00000000ecb80000)
  from space 5120K, 0% used [0x00000000ed080000,0x00000000ed080000,0x00000000ed580000)
  to   space 5120K, 0% used [0x00000000ecb80000,0x00000000ecb80000,0x00000000ed080000)
 ParOldGen       total 87552K, used 0K [0x00000000c0000000, 0x00000000c5580000, 0x00000000eab00000)
  object space 87552K, 0% used [0x00000000c0000000,0x00000000c0000000,0x00000000c5580000)
 Metaspace       used 766K, capacity 4480K, committed 4480K, reserved 1056768K
  class space    used 75K, capacity 384K, committed 384K, reserved 1048576K

Card table byte_map: [0x0000000011c90000,0x0000000011ea0000] byte_map_base: 0x0000000011690000

Marking Bits: (ParMarkBitMap*) 0x0000000054db4040
 Begin Bits: [0x0000000012400000, 0x0000000013400000)
 End Bits:   [0x0000000013400000, 0x0000000014400000)

Polling page: 0x0000000000a10000

CodeCache: size=245760Kb used=328Kb max_used=328Kb free=245431Kb
 bounds [0x00000000028d0000, 0x0000000002b40000, 0x00000000118d0000]
 total_blobs=57 nmethods=0 adapters=37
 compilation: enabled

Compilation events (0 events):
No events

GC Heap History (0 events):
No events

Deoptimization events (0 events):
No events

Internal exceptions (0 events):
No events

Events (10 events):
Event: 0.030 loading class java/lang/Short
Event: 0.030 loading class java/lang/Short done
Event: 0.030 loading class java/lang/Integer
Event: 0.031 loading class java/lang/Integer done
Event: 0.031 loading class java/lang/Long
Event: 0.031 loading class java/lang/Long done
Event: 0.032 loading class java/lang/NullPointerException
Event: 0.032 loading class java/lang/NullPointerException done
Event: 0.032 loading class java/lang/ArithmeticException
Event: 0.032 loading class java/lang/ArithmeticException done


Dynamic libraries:
0x00007ff61ff60000 - 0x00007ff61ff97000 	C:\Program Files\Java\jdk1.8.0_40\bin\java.exe
0x00007ffaed040000 - 0x00007ffaed21b000 	C:\WINDOWS\SYSTEM32\ntdll.dll
0x00007ffaec5d0000 - 0x00007ffaec67e000 	C:\WINDOWS\System32\KERNEL32.DLL
0x00007ffae99d0000 - 0x00007ffae9c19000 	C:\WINDOWS\System32\KERNELBASE.dll
0x00007ffaec7d0000 - 0x00007ffaec871000 	C:\WINDOWS\System32\ADVAPI32.dll
0x00007ffaeaad0000 - 0x00007ffaeab6d000 	C:\WINDOWS\System32\msvcrt.dll
0x00007ffaeaa40000 - 0x00007ffaeaa99000 	C:\WINDOWS\System32\sechost.dll
0x00007ffaec120000 - 0x00007ffaec245000 	C:\WINDOWS\System32\RPCRT4.dll
0x00007ffaec680000 - 0x00007ffaec7ca000 	C:\WINDOWS\System32\USER32.dll
0x00007ffae9dd0000 - 0x00007ffae9dee000 	C:\WINDOWS\System32\win32u.dll
0x00007ffaeaaa0000 - 0x00007ffaeaac7000 	C:\WINDOWS\System32\GDI32.dll
0x00007ffae9560000 - 0x00007ffae96e8000 	C:\WINDOWS\System32\gdi32full.dll
0x00007ffae96f0000 - 0x00007ffae978a000 	C:\WINDOWS\System32\msvcp_win.dll
0x00007ffae9c80000 - 0x00007ffae9d76000 	C:\WINDOWS\System32\ucrtbase.dll
0x00007ffae2f00000 - 0x00007ffae3167000 	C:\WINDOWS\WinSxS\amd64_microsoft.windows.common-controls_6595b64144ccf1df_6.0.15063.0_none_108e4f62dfe5d999\COMCTL32.dll
0x00007ffaec2d0000 - 0x00007ffaec5c9000 	C:\WINDOWS\System32\combase.dll
0x00007ffae9790000 - 0x00007ffae97fa000 	C:\WINDOWS\System32\bcryptPrimitives.dll
0x00007ffaea9b0000 - 0x00007ffaea9dd000 	C:\WINDOWS\System32\IMM32.DLL
0x0000000056580000 - 0x0000000056652000 	C:\Program Files\Java\jdk1.8.0_40\jre\bin\msvcr100.dll
0x00000000545b0000 - 0x0000000054e33000 	C:\Program Files\Java\jdk1.8.0_40\jre\bin\server\jvm.dll
0x00007ffaebfc0000 - 0x00007ffaebfc8000 	C:\WINDOWS\System32\PSAPI.DLL
0x00007ffae1da0000 - 0x00007ffae1da9000 	C:\WINDOWS\SYSTEM32\WSOCK32.dll
0x00007ffaea7d0000 - 0x00007ffaea83c000 	C:\WINDOWS\System32\WS2_32.dll
0x00007ffae6d40000 - 0x00007ffae6d63000 	C:\WINDOWS\SYSTEM32\WINMM.dll
0x00007ffae1d90000 - 0x00007ffae1d9a000 	C:\WINDOWS\SYSTEM32\VERSION.dll
0x00007ffae6ce0000 - 0x00007ffae6d0b000 	C:\WINDOWS\SYSTEM32\WINMMBASE.dll
0x00007ffae9d80000 - 0x00007ffae9dc9000 	C:\WINDOWS\System32\cfgmgr32.dll
0x0000000055390000 - 0x000000005539f000 	C:\Program Files\Java\jdk1.8.0_40\jre\bin\verify.dll
0x00000000552e0000 - 0x0000000055309000 	C:\Program Files\Java\jdk1.8.0_40\jre\bin\java.dll
0x00000000552c0000 - 0x00000000552d6000 	C:\Program Files\Java\jdk1.8.0_40\jre\bin\zip.dll
0x00007ffad8960000 - 0x00007ffad8b09000 	C:\WINDOWS\SYSTEM32\dbghelp.dll

VM Arguments:
jvm_args: -Djava.awt.headless=true -Xmx1024M -Dfile.encoding=x-windows-950 -Duser.country=TW -Duser.language=zh -Duser.variant 
java_command: com.android.dx.command.Main --dex --force-jumbo --output C:\AndroidSDK\APP\app\build\intermediates\pre-dexed\debug\okhttp-3.4.1_848b8a593ced0a4badec12524e9b075d95d6ac6a.jar C:\Users\财财\.gradle\caches\modules-2\files-2.1\com.squareup.okhttp3\okhttp\3.4.1\c7c4f9e35c2fd5900da24f9872e3971801f08ce0\okhttp-3.4.1.jar
java_class_path (initial): C:\AndroidSDK\build-tools\21.1.2\lib\dx.jar
Launcher Type: SUN_STANDARD

Environment Variables:
PATH=C:\Program Files (x86)\NVIDIA Corporation\PhysX\Common;C:\ProgramData\Oracle\Java\javapath;C:\MinGW\bin;C:\Program Files\CMake\bin;C:\Program Files (x86)\Java\jre1.8.0_121\bin;C:\Program Files (x86)\Microsoft Visual Studio\2017\Community\Common7\IDE;C:\Program Files (x86)\Windows Kits\10\Windows Performance Toolkit\;C:\Python27;C:\boost-build\bin;C:\Python27\Scripts;;C:\WINDOWS\system32;C:\WINDOWS;C:\WINDOWS\System32\Wbem;C:\WINDOWS\System32\WindowsPowerShell\v1.0\;C:\Users\财财\AppData\Local\Microsoft\WindowsApps;
USERNAME=财财
OS=Windows_NT
PROCESSOR_IDENTIFIER=Intel64 Family 6 Model 69 Stepping 1, GenuineIntel



---------------  S Y S T E M  ---------------

OS: Windows 10.0 , 64 bit Build 15063 (10.0.15063.296)

CPU:total 4 (2 cores per cpu, 2 threads per core) family 6 model 69 stepping 1, cmov, cx8, fxsr, mmx, sse, sse2, sse3, ssse3, sse4.1, sse4.2, popcnt, avx, avx2, aes, clmul, erms, lzcnt, ht, tsc, tscinvbit, bmi1, bmi2

Memory: 4k page, physical 8287332k(1078140k free), swap 11564128k(3500k free)

vm_info: Java HotSpot(TM) 64-Bit Server VM (25.40-b25) for windows-amd64 JRE (1.8.0_40-b26), built on Mar  7 2015 13:51:59 by "java_re" with MS VC++ 10.0 (VS2010)

time: Thu Jul 27 11:28:47 2017
elapsed time: 0 seconds (0d 0h 0m 0s)

