#
# There is insufficient memory for the Java Runtime Environment to continue.
# Native memory allocation (malloc) failed to allocate 278256 bytes for Chunk::new
# Possible reasons:
#   The system is out of physical RAM or swap space
#   In 32 bit mode, the process size limit was hit
# Possible solutions:
#   Reduce memory load on the system
#   Increase physical memory or swap space
#   Check if swap backing store is full
#   Use 64 bit Java on a 64 bit OS
#   Decrease Java heap size (-Xmx/-Xms)
#   Decrease number of Java threads
#   Decrease Java thread stack sizes (-Xss)
#   Set larger code cache with -XX:ReservedCodeCacheSize=
# This output file may be truncated or incomplete.
#
#  Out of Memory Error (allocation.cpp:390), pid=4980, tid=13888
#
# JRE version: Java(TM) SE Runtime Environment (8.0_40-b26) (build 1.8.0_40-b26)
# Java VM: Java HotSpot(TM) 64-Bit Server VM (25.40-b25 mixed mode windows-amd64 compressed oops)
# Failed to write core dump. Minidumps are not enabled by default on client versions of Windows
#

---------------  T H R E A D  ---------------

Current thread (0x0000000015daa000):  JavaThread "C2 CompilerThread0" daemon [_thread_in_native, id=13888, stack(0x00000000172a0000,0x00000000173a0000)]

Stack: [0x00000000172a0000,0x00000000173a0000]
Native frames: (J=compiled Java code, j=interpreted, Vv=VM code, C=native code)
V  [jvm.dll+0x32b47a]


Current CompileTask:
C2:   6851 1203   !   4       com.android.dx.cf.code.BytecodeArray::parseInstruction (2764 bytes)


---------------  P R O C E S S  ---------------

Java Threads: ( => current thread )
  0x0000000017409000 JavaThread "Service Thread" daemon [_thread_blocked, id=13932, stack(0x00000000179a0000,0x0000000017aa0000)]
  0x00000000173fb000 JavaThread "C1 CompilerThread2" daemon [_thread_blocked, id=4064, stack(0x00000000178a0000,0x00000000179a0000)]
  0x00000000173f4800 JavaThread "C2 CompilerThread1" daemon [_thread_blocked, id=12212, stack(0x00000000177a0000,0x00000000178a0000)]
=>0x0000000015daa000 JavaThread "C2 CompilerThread0" daemon [_thread_in_native, id=13888, stack(0x00000000172a0000,0x00000000173a0000)]
  0x0000000015da8000 JavaThread "Attach Listener" daemon [_thread_blocked, id=9472, stack(0x00000000171a0000,0x00000000172a0000)]
  0x0000000015d5e000 JavaThread "Signal Dispatcher" daemon [_thread_blocked, id=6376, stack(0x00000000170a0000,0x00000000171a0000)]
  0x0000000003670800 JavaThread "Finalizer" daemon [_thread_blocked, id=9464, stack(0x0000000016fa0000,0x00000000170a0000)]
  0x000000000366d000 JavaThread "Reference Handler" daemon [_thread_blocked, id=12044, stack(0x0000000016ea0000,0x0000000016fa0000)]
  0x0000000003580800 JavaThread "main" [_thread_in_Java, id=1748, stack(0x0000000002ec0000,0x0000000002fc0000)]

Other Threads:
  0x0000000015d18000 VMThread [stack: 0x0000000016da0000,0x0000000016ea0000] [id=8424]
  0x0000000017400000 WatcherThread [stack: 0x0000000017aa0000,0x0000000017ba0000] [id=8212]

VM state:not at safepoint (normal execution)

VM Mutex/Monitor currently owned by a thread: None

Heap:
 PSYoungGen      total 38400K, used 9390K [0x00000000eab00000, 0x00000000ef600000, 0x0000000100000000)
  eden space 33280K, 12% used [0x00000000eab00000,0x00000000eaf2f5a8,0x00000000ecb80000)
  from space 5120K, 99% used [0x00000000ecb80000,0x00000000ed07c480,0x00000000ed080000)
  to   space 5120K, 0% used [0x00000000ef100000,0x00000000ef100000,0x00000000ef600000)
 ParOldGen       total 87552K, used 625K [0x00000000c0000000, 0x00000000c5580000, 0x00000000eab00000)
  object space 87552K, 0% used [0x00000000c0000000,0x00000000c009c428,0x00000000c5580000)
 Metaspace       used 5593K, capacity 6832K, committed 7040K, reserved 1056768K
  class space    used 551K, capacity 616K, committed 640K, reserved 1048576K

Card table byte_map: [0x0000000012a40000,0x0000000012c50000] byte_map_base: 0x0000000012440000

Marking Bits: (ParMarkBitMap*) 0x0000000054db4040
 Begin Bits: [0x00000000131b0000, 0x00000000141b0000)
 End Bits:   [0x00000000141b0000, 0x00000000151b0000)

Polling page: 0x0000000002fc0000

CodeCache: size=245760Kb used=5018Kb max_used=5029Kb free=240741Kb
 bounds [0x0000000003680000, 0x0000000003b70000, 0x0000000012680000]
 total_blobs=1529 nmethods=1262 adapters=180
 compilation: enabled

Compilation events (10 events):
Event: 6.624 Thread 0x00000000173f4800 1256       4       com.android.dx.util.IntList::binarysearch (124 bytes)
Event: 6.627 Thread 0x00000000173f4800 nmethod 1256 0x0000000003b61a10 code [0x0000000003b61b60, 0x0000000003b61cf8]
Event: 6.629 Thread 0x00000000173f4800 1257       4       com.android.dx.util.IntList::mutableCopy (39 bytes)
Event: 6.639 Thread 0x00000000173f4800 nmethod 1257 0x0000000003b60f50 code [0x0000000003b610c0, 0x0000000003b61678]
Event: 6.640 Thread 0x00000000173fb000 1258       3       com.android.dx.rop.type.Type::<init> (84 bytes)
Event: 6.640 Thread 0x00000000173fb000 nmethod 1258 0x0000000003b6a2d0 code [0x0000000003b6a480, 0x0000000003b6a9a8]
Event: 6.644 Thread 0x00000000173fb000 1259   !   3       com.android.dx.rop.type.Type::putIntern (50 bytes)
Event: 6.644 Thread 0x00000000173fb000 nmethod 1259 0x0000000003b62550 code [0x0000000003b62740, 0x0000000003b63218]
Event: 6.660 Thread 0x00000000173fb000 1260       3       java.util.HashMap$HashIterator::hasNext (13 bytes)
Event: 6.660 Thread 0x00000000173fb000 nmethod 1260 0x0000000003b621d0 code [0x0000000003b62320, 0x0000000003b624d0]

GC Heap History (2 events):
Event: 5.888 GC heap before
{Heap before GC invocations=1 (full 0):
 PSYoungGen      total 38400K, used 33280K [0x00000000eab00000, 0x00000000ed580000, 0x0000000100000000)
  eden space 33280K, 100% used [0x00000000eab00000,0x00000000ecb80000,0x00000000ecb80000)
  from space 5120K, 0% used [0x00000000ed080000,0x00000000ed080000,0x00000000ed580000)
  to   space 5120K, 0% used [0x00000000ecb80000,0x00000000ecb80000,0x00000000ed080000)
 ParOldGen       total 87552K, used 0K [0x00000000c0000000, 0x00000000c5580000, 0x00000000eab00000)
  object space 87552K, 0% used [0x00000000c0000000,0x00000000c0000000,0x00000000c5580000)
 Metaspace       used 5577K, capacity 6832K, committed 7040K, reserved 1056768K
  class space    used 550K, capacity 616K, committed 640K, reserved 1048576K
Event: 6.528 GC heap after
Heap after GC invocations=1 (full 0):
 PSYoungGen      total 38400K, used 5105K [0x00000000eab00000, 0x00000000ef600000, 0x0000000100000000)
  eden space 33280K, 0% used [0x00000000eab00000,0x00000000eab00000,0x00000000ecb80000)
  from space 5120K, 99% used [0x00000000ecb80000,0x00000000ed07c480,0x00000000ed080000)
  to   space 5120K, 0% used [0x00000000ef100000,0x00000000ef100000,0x00000000ef600000)
 ParOldGen       total 87552K, used 625K [0x00000000c0000000, 0x00000000c5580000, 0x00000000eab00000)
  object space 87552K, 0% used [0x00000000c0000000,0x00000000c009c428,0x00000000c5580000)
 Metaspace       used 5577K, capacity 6832K, committed 7040K, reserved 1056768K
  class space    used 550K, capacity 616K, committed 640K, reserved 1048576K
}

Deoptimization events (10 events):
Event: 5.452 Thread 0x0000000003580800 Uncommon trap: reason=bimorphic action=maybe_recompile pc=0x0000000003a9f0a0 method=com.android.dx.cf.code.Merger.mergeType(Lcom/android/dx/rop/type/TypeBearer;Lcom/android/dx/rop/type/TypeBearer;)Lcom/android/dx/rop/type/TypeBearer; @ 21
Event: 5.841 Thread 0x0000000003580800 Uncommon trap: reason=bimorphic action=maybe_recompile pc=0x0000000003a9f0a0 method=com.android.dx.cf.code.Merger.mergeType(Lcom/android/dx/rop/type/TypeBearer;Lcom/android/dx/rop/type/TypeBearer;)Lcom/android/dx/rop/type/TypeBearer; @ 21
Event: 5.847 Thread 0x0000000003580800 Uncommon trap: reason=bimorphic action=maybe_recompile pc=0x0000000003a9f0a0 method=com.android.dx.cf.code.Merger.mergeType(Lcom/android/dx/rop/type/TypeBearer;Lcom/android/dx/rop/type/TypeBearer;)Lcom/android/dx/rop/type/TypeBearer; @ 21
Event: 5.887 Thread 0x0000000003580800 Uncommon trap: reason=bimorphic action=maybe_recompile pc=0x0000000003a9f0a0 method=com.android.dx.cf.code.Merger.mergeType(Lcom/android/dx/rop/type/TypeBearer;Lcom/android/dx/rop/type/TypeBearer;)Lcom/android/dx/rop/type/TypeBearer; @ 21
Event: 6.602 Thread 0x0000000003580800 Uncommon trap: reason=bimorphic action=maybe_recompile pc=0x0000000003a67a60 method=com.android.dx.ssa.SCCP.setLatticeValueTo(IILcom/android/dx/rop/cst/Constant;)Z @ 43
Event: 6.603 Thread 0x0000000003580800 Uncommon trap: reason=bimorphic action=maybe_recompile pc=0x0000000003a67a60 method=com.android.dx.ssa.SCCP.setLatticeValueTo(IILcom/android/dx/rop/cst/Constant;)Z @ 43
Event: 6.603 Thread 0x0000000003580800 Uncommon trap: reason=bimorphic action=maybe_recompile pc=0x00000000039024e0 method=java.util.HashMap.getNode(ILjava/lang/Object;)Ljava/util/HashMap$Node; @ 126
Event: 6.603 Thread 0x0000000003580800 Uncommon trap: reason=class_check action=maybe_recompile pc=0x0000000003a54048 method=java.util.HashMap.putVal(ILjava/lang/Object;Ljava/lang/Object;ZZ)Ljava/lang/Object; @ 203
Event: 6.609 Thread 0x0000000003580800 Uncommon trap: reason=bimorphic action=maybe_recompile pc=0x0000000003a67a60 method=com.android.dx.ssa.SCCP.setLatticeValueTo(IILcom/android/dx/rop/cst/Constant;)Z @ 43
Event: 6.610 Thread 0x0000000003580800 Uncommon trap: reason=bimorphic action=maybe_recompile pc=0x0000000003a67a60 method=com.android.dx.ssa.SCCP.setLatticeValueTo(IILcom/android/dx/rop/cst/Constant;)Z @ 43

Internal exceptions (2 events):
Event: 0.319 Thread 0x0000000003580800 Exception <a 'java/lang/NoSuchMethodError': Method sun.misc.Unsafe.defineClass(Ljava/lang/String;[BII)Ljava/lang/Class; name or signature does not match> (0x00000000eab12ed8) thrown at [D:\re\workspace\8-2-build-windows-amd64-cygwin\jdk8u40\3098\hotspot\srhççjÔ?
Event: 0.319 Thread 0x0000000003580800 Exception <a 'java/lang/NoSuchMethodError': Method sun.misc.Unsafe.prefetchRead(Ljava/lang/Object;J)V name or signature does not match> (0x00000000eab13168) thrown at [D:\re\workspace\8-2-build-windows-amd64-cygwin\jdk8u40\3098\hotspot\src\share\vm\prims\j

Events (10 events):
Event: 6.603 Thread 0x0000000003580800 DEOPT PACKING pc=0x0000000003a54048 sp=0x0000000002fbe6b0
Event: 6.603 Thread 0x0000000003580800 DEOPT UNPACKING pc=0x00000000036c582a sp=0x0000000002fbe628 mode 2
Event: 6.609 Thread 0x0000000003580800 Uncommon trap: trap_request=0xffffffc6 fr.pc=0x0000000003a67a60
Event: 6.609 Thread 0x0000000003580800 DEOPT PACKING pc=0x0000000003a67a60 sp=0x0000000002fbe750
Event: 6.609 Thread 0x0000000003580800 DEOPT UNPACKING pc=0x00000000036c582a sp=0x0000000002fbe698 mode 2
Event: 6.610 Thread 0x0000000003580800 Uncommon trap: trap_request=0xffffffc6 fr.pc=0x0000000003a67a60
Event: 6.610 Thread 0x0000000003580800 DEOPT PACKING pc=0x0000000003a67a60 sp=0x0000000002fbe7a0
Event: 6.610 Thread 0x0000000003580800 DEOPT UNPACKING pc=0x00000000036c582a sp=0x0000000002fbe6f8 mode 2
Event: 6.619 loading class com/android/dx/cf/code/BytecodeArray$ConstantParserVisitor
Event: 6.619 loading class com/android/dx/cf/code/BytecodeArray$ConstantParserVisitor done


Dynamic libraries:
0x00007ff61ff60000 - 0x00007ff61ff97000 	C:\Program Files\Java\jdk1.8.0_40\bin\java.exe
0x00007ffaed040000 - 0x00007ffaed21b000 	C:\WINDOWS\SYSTEM32\ntdll.dll
0x00007ffaec5d0000 - 0x00007ffaec67e000 	C:\WINDOWS\System32\KERNEL32.DLL
0x00007ffae99d0000 - 0x00007ffae9c19000 	C:\WINDOWS\System32\KERNELBASE.dll
0x00007ffaec7d0000 - 0x00007ffaec871000 	C:\WINDOWS\System32\ADVAPI32.dll
0x00007ffaeaad0000 - 0x00007ffaeab6d000 	C:\WINDOWS\System32\msvcrt.dll
0x00007ffaeaa40000 - 0x00007ffaeaa99000 	C:\WINDOWS\System32\sechost.dll
0x00007ffaec120000 - 0x00007ffaec245000 	C:\WINDOWS\System32\RPCRT4.dll
0x00007ffaec680000 - 0x00007ffaec7ca000 	C:\WINDOWS\System32\USER32.dll
0x00007ffae9dd0000 - 0x00007ffae9dee000 	C:\WINDOWS\System32\win32u.dll
0x00007ffaeaaa0000 - 0x00007ffaeaac7000 	C:\WINDOWS\System32\GDI32.dll
0x00007ffae9560000 - 0x00007ffae96e8000 	C:\WINDOWS\System32\gdi32full.dll
0x00007ffae96f0000 - 0x00007ffae978a000 	C:\WINDOWS\System32\msvcp_win.dll
0x00007ffae9c80000 - 0x00007ffae9d76000 	C:\WINDOWS\System32\ucrtbase.dll
0x00007ffae2f00000 - 0x00007ffae3167000 	C:\WINDOWS\WinSxS\amd64_microsoft.windows.common-controls_6595b64144ccf1df_6.0.15063.0_none_108e4f62dfe5d999\COMCTL32.dll
0x00007ffaec2d0000 - 0x00007ffaec5c9000 	C:\WINDOWS\System32\combase.dll
0x00007ffae9790000 - 0x00007ffae97fa000 	C:\WINDOWS\System32\bcryptPrimitives.dll
0x00007ffaea9b0000 - 0x00007ffaea9dd000 	C:\WINDOWS\System32\IMM32.DLL
0x0000000056580000 - 0x0000000056652000 	C:\Program Files\Java\jdk1.8.0_40\jre\bin\msvcr100.dll
0x00000000545b0000 - 0x0000000054e33000 	C:\Program Files\Java\jdk1.8.0_40\jre\bin\server\jvm.dll
0x00007ffaebfc0000 - 0x00007ffaebfc8000 	C:\WINDOWS\System32\PSAPI.DLL
0x00007ffae1da0000 - 0x00007ffae1da9000 	C:\WINDOWS\SYSTEM32\WSOCK32.dll
0x00007ffaea7d0000 - 0x00007ffaea83c000 	C:\WINDOWS\System32\WS2_32.dll
0x00007ffae6d40000 - 0x00007ffae6d63000 	C:\WINDOWS\SYSTEM32\WINMM.dll
0x00007ffae1d90000 - 0x00007ffae1d9a000 	C:\WINDOWS\SYSTEM32\VERSION.dll
0x00007ffae6ce0000 - 0x00007ffae6d0b000 	C:\WINDOWS\SYSTEM32\WINMMBASE.dll
0x00007ffae9d80000 - 0x00007ffae9dc9000 	C:\WINDOWS\System32\cfgmgr32.dll
0x0000000055390000 - 0x000000005539f000 	C:\Program Files\Java\jdk1.8.0_40\jre\bin\verify.dll
0x00000000552e0000 - 0x0000000055309000 	C:\Program Files\Java\jdk1.8.0_40\jre\bin\java.dll
0x00000000552c0000 - 0x00000000552d6000 	C:\Program Files\Java\jdk1.8.0_40\jre\bin\zip.dll
0x00007ffaeab70000 - 0x00007ffaebfa7000 	C:\WINDOWS\System32\SHELL32.dll
0x00007ffaec880000 - 0x00007ffaec92a000 	C:\WINDOWS\System32\shcore.dll
0x00007ffae9ea0000 - 0x00007ffaea592000 	C:\WINDOWS\System32\windows.storage.dll
0x00007ffaea840000 - 0x00007ffaea891000 	C:\WINDOWS\System32\shlwapi.dll
0x00007ffae9520000 - 0x00007ffae9531000 	C:\WINDOWS\System32\kernel.appcore.dll
0x00007ffae94d0000 - 0x00007ffae951c000 	C:\WINDOWS\System32\powrprof.dll
0x00007ffae9540000 - 0x00007ffae9555000 	C:\WINDOWS\System32\profapi.dll
0x00007ffad8960000 - 0x00007ffad8b09000 	C:\WINDOWS\SYSTEM32\dbghelp.dll

VM Arguments:
jvm_args: -Djava.awt.headless=true -Xmx1024M -Dfile.encoding=x-windows-950 -Duser.country=TW -Duser.language=zh -Duser.variant 
java_command: com.android.dx.command.Main --dex --force-jumbo --multi-dex --output C:\AndroidSDK\APP\app\build\intermediates\transforms\dex\debug\folders\1000\10\instant-run_88376d65a907f43fff374dec2ebea45c411a9b18 C:\AndroidSDK\APP\app\build\intermediates\incremental-runtime-classes\debug\instant-run.jar
java_class_path (initial): C:\AndroidSDK\build-tools\21.1.2\lib\dx.jar
Launcher Type: SUN_STANDARD

Environment Variables:
PATH=C:\Program Files (x86)\NVIDIA Corporation\PhysX\Common;C:\ProgramData\Oracle\Java\javapath;C:\MinGW\bin;C:\Program Files\CMake\bin;C:\Program Files (x86)\Java\jre1.8.0_121\bin;C:\Program Files (x86)\Microsoft Visual Studio\2017\Community\Common7\IDE;C:\Program Files (x86)\Windows Kits\10\Windows Performance Toolkit\;C:\Python27;C:\boost-build\bin;C:\Python27\Scripts;;C:\WINDOWS\system32;C:\WINDOWS;C:\WINDOWS\System32\Wbem;C:\WINDOWS\System32\WindowsPowerShell\v1.0\;C:\Users\²Æ²Æ\AppData\Local\Microsoft\WindowsApps;
USERNAME=²Æ²Æ
OS=Windows_NT
PROCESSOR_IDENTIFIER=Intel64 Family 6 Model 69 Stepping 1, GenuineIntel



---------------  S Y S T E M  ---------------

OS: Windows 10.0 , 64 bit Build 15063 (10.0.15063.296)

CPU:total 4 (2 cores per cpu, 2 threads per core) family 6 model 69 stepping 1, cmov, cx8, fxsr, mmx, sse, sse2, sse3, ssse3, sse4.1, sse4.2, popcnt, avx, avx2, aes, clmul, erms, lzcnt, ht, tsc, tscinvbit, bmi1, bmi2

Memory: 4k page, physical 8287332k(722356k free), swap 11564128k(2204k free)

vm_info: Java HotSpot(TM) 64-Bit Server VM (25.40-b25) for windows-amd64 JRE (1.8.0_40-b26), built on Mar  7 2015 13:51:59 by "java_re" with MS VC++ 10.0 (VS2010)

time: Mon Jul 24 16:59:01 2017
elapsed time: 6 seconds (0d 0h 0m 6s)

