#
# There is insufficient memory for the Java Runtime Environment to continue.
# Native memory allocation (malloc) failed to allocate 1641616 bytes for Chunk::new
# Possible reasons:
#   The system is out of physical RAM or swap space
#   In 32 bit mode, the process size limit was hit
# Possible solutions:
#   Reduce memory load on the system
#   Increase physical memory or swap space
#   Check if swap backing store is full
#   Use 64 bit Java on a 64 bit OS
#   Decrease Java heap size (-Xmx/-Xms)
#   Decrease number of Java threads
#   Decrease Java thread stack sizes (-Xss)
#   Set larger code cache with -XX:ReservedCodeCacheSize=
# This output file may be truncated or incomplete.
#
#  Out of Memory Error (allocation.cpp:390), pid=10032, tid=11168
#
# JRE version: Java(TM) SE Runtime Environment (8.0_40-b26) (build 1.8.0_40-b26)
# Java VM: Java HotSpot(TM) 64-Bit Server VM (25.40-b25 mixed mode windows-amd64 compressed oops)
# Failed to write core dump. Minidumps are not enabled by default on client versions of Windows
#

---------------  T H R E A D  ---------------

Current thread (0x00000000153da000):  JavaThread "C2 CompilerThread0" daemon [_thread_in_native, id=11168, stack(0x0000000016900000,0x0000000016a00000)]

Stack: [0x0000000016900000,0x0000000016a00000]
Native frames: (J=compiled Java code, j=interpreted, Vv=VM code, C=native code)
V  [jvm.dll+0x32b47a]
V  [jvm.dll+0x2797f3]
V  [jvm.dll+0x27a489]
V  [jvm.dll+0x2717a5]
V  [jvm.dll+0xcb9a2]
V  [jvm.dll+0xcbe6c]
V  [jvm.dll+0x476ea2]
V  [jvm.dll+0x4b950f]
V  [jvm.dll+0x46b6b5]
V  [jvm.dll+0x46ccbe]
V  [jvm.dll+0x4500d2]
V  [jvm.dll+0xa4312]
V  [jvm.dll+0xa4c4f]
V  [jvm.dll+0x241914]
V  [jvm.dll+0x29848a]
C  [msvcr100.dll+0x21d9f]
C  [msvcr100.dll+0x21e3b]
C  [KERNEL32.DLL+0x12774]
C  [ntdll.dll+0x70d61]


Current CompileTask:
C2:  12840 1936       4       com.android.dx.cf.code.Simulator$SimVisitor::visitConstant (332 bytes)


---------------  P R O C E S S  ---------------

Java Threads: ( => current thread )
  0x0000000016a66000 JavaThread "Service Thread" daemon [_thread_blocked, id=4164, stack(0x0000000017000000,0x0000000017100000)]
  0x0000000016a63000 JavaThread "C1 CompilerThread2" daemon [_thread_blocked, id=13008, stack(0x0000000016f00000,0x0000000017000000)]
  0x00000000153dd800 JavaThread "C2 CompilerThread1" daemon [_thread_in_native, id=8464, stack(0x0000000016e00000,0x0000000016f00000)]
=>0x00000000153da000 JavaThread "C2 CompilerThread0" daemon [_thread_in_native, id=11168, stack(0x0000000016900000,0x0000000016a00000)]
  0x00000000153d8000 JavaThread "Attach Listener" daemon [_thread_blocked, id=3668, stack(0x0000000016800000,0x0000000016900000)]
  0x000000001538e000 JavaThread "Signal Dispatcher" daemon [_thread_blocked, id=10960, stack(0x0000000016700000,0x0000000016800000)]
  0x0000000002c70800 JavaThread "Finalizer" daemon [_thread_blocked, id=7516, stack(0x00000000165f0000,0x00000000166f0000)]
  0x0000000002c6d000 JavaThread "Reference Handler" daemon [_thread_blocked, id=2516, stack(0x00000000164f0000,0x00000000165f0000)]
  0x0000000002b80800 JavaThread "main" [_thread_in_Java, id=11904, stack(0x0000000002950000,0x0000000002a50000)]

Other Threads:
  0x0000000015348000 VMThread [stack: 0x00000000163f0000,0x00000000164f0000] [id=11804]
  0x0000000016a67000 WatcherThread [stack: 0x0000000017100000,0x0000000017200000] [id=8196]

VM state:not at safepoint (normal execution)

VM Mutex/Monitor currently owned by a thread: None

Heap:
 PSYoungGen      total 71680K, used 40946K [0x00000000eab00000, 0x00000000ef600000, 0x0000000100000000)
  eden space 66560K, 53% used [0x00000000eab00000,0x00000000ece03b60,0x00000000eec00000)
  from space 5120K, 99% used [0x00000000eec00000,0x00000000ef0f8da0,0x00000000ef100000)
  to   space 5120K, 0% used [0x00000000ef100000,0x00000000ef100000,0x00000000ef600000)
 ParOldGen       total 87552K, used 24168K [0x00000000c0000000, 0x00000000c5580000, 0x00000000eab00000)
  object space 87552K, 27% used [0x00000000c0000000,0x00000000c179a1d8,0x00000000c5580000)
 Metaspace       used 6014K, capacity 7088K, committed 7296K, reserved 1056768K
  class space    used 575K, capacity 616K, committed 640K, reserved 1048576K

Card table byte_map: [0x0000000012050000,0x0000000012260000] byte_map_base: 0x0000000011a50000

Marking Bits: (ParMarkBitMap*) 0x0000000054db4040
 Begin Bits: [0x00000000127c0000, 0x00000000137c0000)
 End Bits:   [0x00000000137c0000, 0x00000000147c0000)

Polling page: 0x0000000002a50000

CodeCache: size=245760Kb used=9017Kb max_used=9020Kb free=236742Kb
 bounds [0x0000000002c90000, 0x0000000003570000, 0x0000000011c90000]
 total_blobs=2089 nmethods=1822 adapters=180
 compilation: enabled

Compilation events (10 events):
Event: 11.027 Thread 0x0000000016a63000 1927       2       com.android.dx.cf.code.BaseMachine::popArgs (62 bytes)
Event: 11.028 Thread 0x0000000016a63000 nmethod 1927 0x0000000003518510 code [0x00000000035186a0, 0x0000000003518a58]
Event: 11.567 Thread 0x0000000016a63000 1929       2       com.android.dx.cf.code.LocalVariableList::mergeDescriptorsAndSignatures (80 bytes)
Event: 11.568 Thread 0x0000000016a63000 nmethod 1929 0x0000000003537250 code [0x0000000003537460, 0x0000000003537bf8]
Event: 11.967 Thread 0x00000000153da000 nmethod 1909 0x0000000003558490 code [0x0000000003558860, 0x000000000355d610]
Event: 11.968 Thread 0x00000000153da000 1913 %     4       com.android.dx.ssa.SsaConverter::edgeSplitSuccessors @ 12 (98 bytes)
Event: 12.181 Thread 0x00000000153da000 nmethod 1913% 0x0000000003563c50 code [0x0000000003563f60, 0x00000000035674e8]
Event: 12.182 Thread 0x00000000153da000 1910       4       com.android.dx.rop.code.LocalVariableExtractor::doit (49 bytes)
Event: 12.186 Thread 0x00000000153da000 nmethod 1910 0x0000000003533f90 code [0x00000000035340e0, 0x0000000003534288]
Event: 12.336 Thread 0x00000000153da000 1936       4       com.android.dx.cf.code.Simulator$SimVisitor::visitConstant (332 bytes)

GC Heap History (10 events):
Event: 5.185 GC heap before
{Heap before GC invocations=1 (full 0):
 PSYoungGen      total 38400K, used 33280K [0x00000000eab00000, 0x00000000ed580000, 0x0000000100000000)
  eden space 33280K, 100% used [0x00000000eab00000,0x00000000ecb80000,0x00000000ecb80000)
  from space 5120K, 0% used [0x00000000ed080000,0x00000000ed080000,0x00000000ed580000)
  to   space 5120K, 0% used [0x00000000ecb80000,0x00000000ecb80000,0x00000000ed080000)
 ParOldGen       total 87552K, used 0K [0x00000000c0000000, 0x00000000c5580000, 0x00000000eab00000)
  object space 87552K, 0% used [0x00000000c0000000,0x00000000c0000000,0x00000000c5580000)
 Metaspace       used 5742K, capacity 6960K, committed 7040K, reserved 1056768K
  class space    used 555K, capacity 616K, committed 640K, reserved 1048576K
Event: 5.199 GC heap after
Heap after GC invocations=1 (full 0):
 PSYoungGen      total 38400K, used 5092K [0x00000000eab00000, 0x00000000ed580000, 0x0000000100000000)
  eden space 33280K, 0% used [0x00000000eab00000,0x00000000eab00000,0x00000000ecb80000)
  from space 5120K, 99% used [0x00000000ecb80000,0x00000000ed079288,0x00000000ed080000)
  to   space 5120K, 0% used [0x00000000ed080000,0x00000000ed080000,0x00000000ed580000)
 ParOldGen       total 87552K, used 1587K [0x00000000c0000000, 0x00000000c5580000, 0x00000000eab00000)
  object space 87552K, 1% used [0x00000000c0000000,0x00000000c018cfe8,0x00000000c5580000)
 Metaspace       used 5742K, capacity 6960K, committed 7040K, reserved 1056768K
  class space    used 555K, capacity 616K, committed 640K, reserved 1048576K
}
Event: 5.721 GC heap before
{Heap before GC invocations=2 (full 0):
 PSYoungGen      total 38400K, used 38372K [0x00000000eab00000, 0x00000000ed580000, 0x0000000100000000)
  eden space 33280K, 100% used [0x00000000eab00000,0x00000000ecb80000,0x00000000ecb80000)
  from space 5120K, 99% used [0x00000000ecb80000,0x00000000ed079288,0x00000000ed080000)
  to   space 5120K, 0% used [0x00000000ed080000,0x00000000ed080000,0x00000000ed580000)
 ParOldGen       total 87552K, used 1587K [0x00000000c0000000, 0x00000000c5580000, 0x00000000eab00000)
  object space 87552K, 1% used [0x00000000c0000000,0x00000000c018cfe8,0x00000000c5580000)
 Metaspace       used 5862K, capacity 7024K, committed 7296K, reserved 1056768K
  class space    used 556K, capacity 616K, committed 640K, reserved 1048576K
Event: 5.750 GC heap after
Heap after GC invocations=2 (full 0):
 PSYoungGen      total 38400K, used 5092K [0x00000000eab00000, 0x00000000ef600000, 0x0000000100000000)
  eden space 33280K, 0% used [0x00000000eab00000,0x00000000eab00000,0x00000000ecb80000)
  from space 5120K, 99% used [0x00000000ed080000,0x00000000ed5792a8,0x00000000ed580000)
  to   space 5120K, 0% used [0x00000000ecb80000,0x00000000ecb80000,0x00000000ed080000)
 ParOldGen       total 87552K, used 6435K [0x00000000c0000000, 0x00000000c5580000, 0x00000000eab00000)
  object space 87552K, 7% used [0x00000000c0000000,0x00000000c0648dc0,0x00000000c5580000)
 Metaspace       used 5862K, capacity 7024K, committed 7296K, reserved 1056768K
  class space    used 556K, capacity 616K, committed 640K, reserved 1048576K
}
Event: 6.190 GC heap before
{Heap before GC invocations=3 (full 0):
 PSYoungGen      total 38400K, used 38372K [0x00000000eab00000, 0x00000000ef600000, 0x0000000100000000)
  eden space 33280K, 100% used [0x00000000eab00000,0x00000000ecb80000,0x00000000ecb80000)
  from space 5120K, 99% used [0x00000000ed080000,0x00000000ed5792a8,0x00000000ed580000)
  to   space 5120K, 0% used [0x00000000ecb80000,0x00000000ecb80000,0x00000000ed080000)
 ParOldGen       total 87552K, used 6435K [0x00000000c0000000, 0x00000000c5580000, 0x00000000eab00000)
  object space 87552K, 7% used [0x00000000c0000000,0x00000000c0648dc0,0x00000000c5580000)
 Metaspace       used 5963K, capacity 7024K, committed 7296K, reserved 1056768K
  class space    used 574K, capacity 616K, committed 640K, reserved 1048576K
Event: 6.209 GC heap after
Heap after GC invocations=3 (full 0):
 PSYoungGen      total 38400K, used 5119K [0x00000000eab00000, 0x00000000ef600000, 0x0000000100000000)
  eden space 33280K, 0% used [0x00000000eab00000,0x00000000eab00000,0x00000000ecb80000)
  from space 5120K, 99% used [0x00000000ecb80000,0x00000000ed07fdd0,0x00000000ed080000)
  to   space 5120K, 0% used [0x00000000ef100000,0x00000000ef100000,0x00000000ef600000)
 ParOldGen       total 87552K, used 11010K [0x00000000c0000000, 0x00000000c5580000, 0x00000000eab00000)
  object space 87552K, 12% used [0x00000000c0000000,0x00000000c0ac08d0,0x00000000c5580000)
 Metaspace       used 5963K, capacity 7024K, committed 7296K, reserved 1056768K
  class space    used 574K, capacity 616K, committed 640K, reserved 1048576K
}
Event: 6.912 GC heap before
{Heap before GC invocations=4 (full 0):
 PSYoungGen      total 38400K, used 38399K [0x00000000eab00000, 0x00000000ef600000, 0x0000000100000000)
  eden space 33280K, 100% used [0x00000000eab00000,0x00000000ecb80000,0x00000000ecb80000)
  from space 5120K, 99% used [0x00000000ecb80000,0x00000000ed07fdd0,0x00000000ed080000)
  to   space 5120K, 0% used [0x00000000ef100000,0x00000000ef100000,0x00000000ef600000)
 ParOldGen       total 87552K, used 11010K [0x00000000c0000000, 0x00000000c5580000, 0x00000000eab00000)
  object space 87552K, 12% used [0x00000000c0000000,0x00000000c0ac08d0,0x00000000c5580000)
 Metaspace       used 5992K, capacity 7088K, committed 7296K, reserved 1056768K
  class space    used 574K, capacity 616K, committed 640K, reserved 1048576K
Event: 6.996 GC heap after
Heap after GC invocations=4 (full 0):
 PSYoungGen      total 71680K, used 5120K [0x00000000eab00000, 0x00000000ef600000, 0x0000000100000000)
  eden space 66560K, 0% used [0x00000000eab00000,0x00000000eab00000,0x00000000eec00000)
  from space 5120K, 100% used [0x00000000ef100000,0x00000000ef600000,0x00000000ef600000)
  to   space 5120K, 0% used [0x00000000eec00000,0x00000000eec00000,0x00000000ef100000)
 ParOldGen       total 87552K, used 14879K [0x00000000c0000000, 0x00000000c5580000, 0x00000000eab00000)
  object space 87552K, 16% used [0x00000000c0000000,0x00000000c0e87ed8,0x00000000c5580000)
 Metaspace       used 5992K, capacity 7088K, committed 7296K, reserved 1056768K
  class space    used 574K, capacity 616K, committed 640K, reserved 1048576K
}
Event: 11.028 GC heap before
{Heap before GC invocations=5 (full 0):
 PSYoungGen      total 71680K, used 71680K [0x00000000eab00000, 0x00000000ef600000, 0x0000000100000000)
  eden space 66560K, 100% used [0x00000000eab00000,0x00000000eec00000,0x00000000eec00000)
  from space 5120K, 100% used [0x00000000ef100000,0x00000000ef600000,0x00000000ef600000)
  to   space 5120K, 0% used [0x00000000eec00000,0x00000000eec00000,0x00000000ef100000)
 ParOldGen       total 87552K, used 14879K [0x00000000c0000000, 0x00000000c5580000, 0x00000000eab00000)
  object space 87552K, 16% used [0x00000000c0000000,0x00000000c0e87ed8,0x00000000c5580000)
 Metaspace       used 6005K, capacity 7088K, committed 7296K, reserved 1056768K
  class space    used 574K, capacity 616K, committed 640K, reserved 1048576K
Event: 11.559 GC heap after
Heap after GC invocations=5 (full 0):
 PSYoungGen      total 71680K, used 5091K [0x00000000eab00000, 0x00000000ef600000, 0x0000000100000000)
  eden space 66560K, 0% used [0x00000000eab00000,0x00000000eab00000,0x00000000eec00000)
  from space 5120K, 99% used [0x00000000eec00000,0x00000000ef0f8da0,0x00000000ef100000)
  to   space 5120K, 0% used [0x00000000ef100000,0x00000000ef100000,0x00000000ef600000)
 ParOldGen       total 87552K, used 24168K [0x00000000c0000000, 0x00000000c5580000, 0x00000000eab00000)
  object space 87552K, 27% used [0x00000000c0000000,0x00000000c179a1d8,0x00000000c5580000)
 Metaspace       used 6005K, capacity 7088K, committed 7296K, reserved 1056768K
  class space    used 574K, capacity 616K, committed 640K, reserved 1048576K
}

Deoptimization events (10 events):
Event: 6.135 Thread 0x0000000002b80800 Uncommon trap: reason=unstable_if action=reinterpret pc=0x0000000002fe0bc0 method=com.android.dx.rop.code.RegisterSpec.equals(ILcom/android/dx/rop/type/TypeBearer;Lcom/android/dx/rop/code/LocalItem;)Z @ 42
Event: 6.211 Thread 0x0000000002b80800 Uncommon trap: reason=unstable_if action=reinterpret pc=0x0000000003331c8c method=java.util.HashMap.resize()[Ljava/util/HashMap$Node; @ 206
Event: 6.391 Thread 0x0000000002b80800 Uncommon trap: reason=unstable_if action=reinterpret pc=0x000000000336f6a8 method=com.android.dx.ssa.LiteralOpUpgrader$1.visitNonMoveInsn(Lcom/android/dx/ssa/NormalSsaInsn;)V @ 176
Event: 6.499 Thread 0x0000000002b80800 Uncommon trap: reason=bimorphic action=maybe_recompile pc=0x00000000033ace90 method=com.android.dx.cf.code.BytecodeArray.parseInstruction(ILcom/android/dx/cf/code/BytecodeArray$Visitor;)I @ 2281
Event: 6.499 Thread 0x0000000002b80800 Uncommon trap: reason=bimorphic action=maybe_recompile pc=0x00000000033ace90 method=com.android.dx.cf.code.BytecodeArray.parseInstruction(ILcom/android/dx/cf/code/BytecodeArray$Visitor;)I @ 2281
Event: 10.568 Thread 0x0000000002b80800 Uncommon trap: reason=class_check action=maybe_recompile pc=0x0000000003422ffc method=com.android.dx.cf.code.BytecodeArray.parseInstruction(ILcom/android/dx/cf/code/BytecodeArray$Visitor;)I @ 1019
Event: 11.014 Thread 0x0000000002b80800 Uncommon trap: reason=unstable_if action=reinterpret pc=0x00000000034925cc method=com.android.dx.cf.code.BaseMachine.popArgs(Lcom/android/dx/cf/code/Frame;I)V @ 15
Event: 11.577 Thread 0x0000000002b80800 Uncommon trap: reason=class_check action=maybe_recompile pc=0x00000000034056a4 method=com.android.dx.cf.code.RopperMachine.run(Lcom/android/dx/cf/code/Frame;II)V @ 310
Event: 12.346 Thread 0x0000000002b80800 Uncommon trap: reason=bimorphic action=maybe_recompile pc=0x00000000034225f0 method=com.android.dx.cf.code.BytecodeArray.parseInstruction(ILcom/android/dx/cf/code/BytecodeArray$Visitor;)I @ 1597
Event: 12.346 Thread 0x0000000002b80800 Uncommon trap: reason=bimorphic action=maybe_recompile pc=0x00000000034225f0 method=com.android.dx.cf.code.BytecodeArray.parseInstruction(ILcom/android/dx/cf/code/BytecodeArray$Visitor;)I @ 1597

Internal exceptions (7 events):
Event: 0.492 Thread 0x0000000002b80800 Exception <a 'java/lang/NoSuchMethodError': Method sun.misc.Unsafe.defineClass(Ljava/lang/String;[BII)Ljava/lang/Class; name or signature does not match> (0x00000000eab12ed8) thrown at [D:\re\workspace\8-2-build-windows-amd64-cygwin\jdk8u40\3098\hotspot\sr›ñ#åú„ß?
Event: 0.492 Thread 0x0000000002b80800 Exception <a 'java/lang/NoSuchMethodError': Method sun.misc.Unsafe.prefetchRead(Ljava/lang/Object;J)V name or signature does not match> (0x00000000eab13168) thrown at [D:\re\workspace\8-2-build-windows-amd64-cygwin\jdk8u40\3098\hotspot\src\share\vm\prims\jŽÿ™P?ª@
Event: 4.916 Thread 0x0000000002b80800 Implicit null exception at 0x000000000303c1a2 to 0x000000000303c295
Event: 5.161 Thread 0x0000000002b80800 Implicit null exception at 0x00000000030c0998 to 0x00000000030c2a15
Event: 6.124 Thread 0x0000000002b80800 Exception <a 'java/lang/ArrayIndexOutOfBoundsException': 18> (0x00000000ec68e080) thrown at [D:\re\workspace\8-2-build-windows-amd64-cygwin\jdk8u40\3098\hotspot\src\share\vm\interpreter\interpreterRuntime.cpp, line 366]
Event: 6.125 Thread 0x0000000002b80800 Exception <a 'java/lang/ArrayIndexOutOfBoundsException'> (0x00000000ec68fb50) thrown at [D:\re\workspace\8-2-build-windows-amd64-cygwin\jdk8u40\3098\hotspot\src\share\vm\runtime\sharedRuntime.cpp, line 605]
Event: 6.129 Thread 0x0000000002b80800 Exception <a 'java/lang/ArrayIndexOutOfBoundsException'> (0x00000000ec690d88) thrown at [D:\re\workspace\8-2-build-windows-amd64-cygwin\jdk8u40\3098\hotspot\src\share\vm\runtime\sharedRuntime.cpp, line 605]

Events (10 events):
Event: 11.597 Thread 0x0000000002b80800 DEOPT PACKING pc=0x0000000003126087 sp=0x0000000002a4ebd0
Event: 11.597 Thread 0x0000000002b80800 DEOPT UNPACKING pc=0x0000000002cd787f sp=0x0000000002a4e928 mode 0
Event: 12.342 loading class com/android/dx/rop/code/RegisterSpec$1
Event: 12.342 loading class com/android/dx/rop/code/RegisterSpec$1 done
Event: 12.346 Thread 0x0000000002b80800 Uncommon trap: trap_request=0xffffffc6 fr.pc=0x00000000034225f0
Event: 12.346 Thread 0x0000000002b80800 DEOPT PACKING pc=0x00000000034225f0 sp=0x0000000002a4e810
Event: 12.346 Thread 0x0000000002b80800 DEOPT UNPACKING pc=0x0000000002cd582a sp=0x0000000002a4e7e0 mode 2
Event: 12.346 Thread 0x0000000002b80800 Uncommon trap: trap_request=0xffffffc6 fr.pc=0x00000000034225f0
Event: 12.346 Thread 0x0000000002b80800 DEOPT PACKING pc=0x00000000034225f0 sp=0x0000000002a4e6b0
Event: 12.346 Thread 0x0000000002b80800 DEOPT UNPACKING pc=0x0000000002cd582a sp=0x0000000002a4e680 mode 2


Dynamic libraries:
0x00007ff61ff60000 - 0x00007ff61ff97000 	C:\Program Files\Java\jdk1.8.0_40\bin\java.exe
0x00007ffaed040000 - 0x00007ffaed21b000 	C:\WINDOWS\SYSTEM32\ntdll.dll
0x00007ffaec5d0000 - 0x00007ffaec67e000 	C:\WINDOWS\System32\KERNEL32.DLL
0x00007ffae99d0000 - 0x00007ffae9c19000 	C:\WINDOWS\System32\KERNELBASE.dll
0x00007ffaec7d0000 - 0x00007ffaec871000 	C:\WINDOWS\System32\ADVAPI32.dll
0x00007ffaeaad0000 - 0x00007ffaeab6d000 	C:\WINDOWS\System32\msvcrt.dll
0x00007ffaeaa40000 - 0x00007ffaeaa99000 	C:\WINDOWS\System32\sechost.dll
0x00007ffaec120000 - 0x00007ffaec245000 	C:\WINDOWS\System32\RPCRT4.dll
0x00007ffaec680000 - 0x00007ffaec7ca000 	C:\WINDOWS\System32\USER32.dll
0x00007ffae9dd0000 - 0x00007ffae9dee000 	C:\WINDOWS\System32\win32u.dll
0x00007ffaeaaa0000 - 0x00007ffaeaac7000 	C:\WINDOWS\System32\GDI32.dll
0x00007ffae9560000 - 0x00007ffae96e8000 	C:\WINDOWS\System32\gdi32full.dll
0x00007ffae96f0000 - 0x00007ffae978a000 	C:\WINDOWS\System32\msvcp_win.dll
0x00007ffae9c80000 - 0x00007ffae9d76000 	C:\WINDOWS\System32\ucrtbase.dll
0x00007ffae2f00000 - 0x00007ffae3167000 	C:\WINDOWS\WinSxS\amd64_microsoft.windows.common-controls_6595b64144ccf1df_6.0.15063.0_none_108e4f62dfe5d999\COMCTL32.dll
0x00007ffaec2d0000 - 0x00007ffaec5c9000 	C:\WINDOWS\System32\combase.dll
0x00007ffae9790000 - 0x00007ffae97fa000 	C:\WINDOWS\System32\bcryptPrimitives.dll
0x00007ffaea9b0000 - 0x00007ffaea9dd000 	C:\WINDOWS\System32\IMM32.DLL
0x0000000056580000 - 0x0000000056652000 	C:\Program Files\Java\jdk1.8.0_40\jre\bin\msvcr100.dll
0x00000000545b0000 - 0x0000000054e33000 	C:\Program Files\Java\jdk1.8.0_40\jre\bin\server\jvm.dll
0x00007ffaebfc0000 - 0x00007ffaebfc8000 	C:\WINDOWS\System32\PSAPI.DLL
0x00007ffae1da0000 - 0x00007ffae1da9000 	C:\WINDOWS\SYSTEM32\WSOCK32.dll
0x00007ffaea7d0000 - 0x00007ffaea83c000 	C:\WINDOWS\System32\WS2_32.dll
0x00007ffae6d40000 - 0x00007ffae6d63000 	C:\WINDOWS\SYSTEM32\WINMM.dll
0x00007ffae1d90000 - 0x00007ffae1d9a000 	C:\WINDOWS\SYSTEM32\VERSION.dll
0x00007ffae6ce0000 - 0x00007ffae6d0b000 	C:\WINDOWS\SYSTEM32\WINMMBASE.dll
0x00007ffae9d80000 - 0x00007ffae9dc9000 	C:\WINDOWS\System32\cfgmgr32.dll
0x0000000055390000 - 0x000000005539f000 	C:\Program Files\Java\jdk1.8.0_40\jre\bin\verify.dll
0x00000000552e0000 - 0x0000000055309000 	C:\Program Files\Java\jdk1.8.0_40\jre\bin\java.dll
0x00000000552c0000 - 0x00000000552d6000 	C:\Program Files\Java\jdk1.8.0_40\jre\bin\zip.dll
0x00007ffaeab70000 - 0x00007ffaebfa7000 	C:\WINDOWS\System32\SHELL32.dll
0x00007ffaec880000 - 0x00007ffaec92a000 	C:\WINDOWS\System32\shcore.dll
0x00007ffae9ea0000 - 0x00007ffaea592000 	C:\WINDOWS\System32\windows.storage.dll
0x00007ffaea840000 - 0x00007ffaea891000 	C:\WINDOWS\System32\shlwapi.dll
0x00007ffae9520000 - 0x00007ffae9531000 	C:\WINDOWS\System32\kernel.appcore.dll
0x00007ffae94d0000 - 0x00007ffae951c000 	C:\WINDOWS\System32\powrprof.dll
0x00007ffae9540000 - 0x00007ffae9555000 	C:\WINDOWS\System32\profapi.dll
0x00007ffad8960000 - 0x00007ffad8b09000 	C:\WINDOWS\SYSTEM32\dbghelp.dll

VM Arguments:
jvm_args: -Djava.awt.headless=true -Xmx1024M -Dfile.encoding=x-windows-950 -Duser.country=TW -Duser.language=zh -Duser.variant 
java_command: com.android.dx.command.Main --dex --force-jumbo --multi-dex --output C:\AndroidSDK\APP\app\build\intermediates\transforms\dex\debug\folders\1000\10\MPAndroidChart-v3.0.2_10682fe074158571e174083e5ef4f8cb3d845715 C:\Users\²Æ²Æ\.gradle\caches\modules-2\files-2.1\com.github.PhilJay\MPAndroidChart\v3.0.2\5d4eb08a326bdbd7fbbddc769666898c9936b282\MPAndroidChart-v3.0.2.jar
java_class_path (initial): C:\AndroidSDK\build-tools\21.1.2\lib\dx.jar
Launcher Type: SUN_STANDARD

Environment Variables:
PATH=C:\Program Files (x86)\NVIDIA Corporation\PhysX\Common;C:\ProgramData\Oracle\Java\javapath;C:\MinGW\bin;C:\Program Files\CMake\bin;C:\Program Files (x86)\Java\jre1.8.0_121\bin;C:\Program Files (x86)\Microsoft Visual Studio\2017\Community\Common7\IDE;C:\Program Files (x86)\Windows Kits\10\Windows Performance Toolkit\;C:\Python27;C:\boost-build\bin;C:\Python27\Scripts;;C:\WINDOWS\system32;C:\WINDOWS;C:\WINDOWS\System32\Wbem;C:\WINDOWS\System32\WindowsPowerShell\v1.0\;C:\Users\²Æ²Æ\AppData\Local\Microsoft\WindowsApps;
USERNAME=²Æ²Æ
OS=Windows_NT
PROCESSOR_IDENTIFIER=Intel64 Family 6 Model 69 Stepping 1, GenuineIntel



---------------  S Y S T E M  ---------------

OS: Windows 10.0 , 64 bit Build 15063 (10.0.15063.296)

CPU:total 4 (2 cores per cpu, 2 threads per core) family 6 model 69 stepping 1, cmov, cx8, fxsr, mmx, sse, sse2, sse3, ssse3, sse4.1, sse4.2, popcnt, avx, avx2, aes, clmul, erms, lzcnt, ht, tsc, tscinvbit, bmi1, bmi2

Memory: 4k page, physical 8287332k(785572k free), swap 11564128k(253576k free)

vm_info: Java HotSpot(TM) 64-Bit Server VM (25.40-b25) for windows-amd64 JRE (1.8.0_40-b26), built on Mar  7 2015 13:51:59 by "java_re" with MS VC++ 10.0 (VS2010)

time: Mon Jul 24 16:59:01 2017
elapsed time: 12 seconds (0d 0h 0m 12s)

