#
# There is insufficient memory for the Java Runtime Environment to continue.
# Native memory allocation (malloc) failed to allocate 1337856 bytes for Chunk::new
# Possible reasons:
#   The system is out of physical RAM or swap space
#   In 32 bit mode, the process size limit was hit
# Possible solutions:
#   Reduce memory load on the system
#   Increase physical memory or swap space
#   Check if swap backing store is full
#   Use 64 bit Java on a 64 bit OS
#   Decrease Java heap size (-Xmx/-Xms)
#   Decrease number of Java threads
#   Decrease Java thread stack sizes (-Xss)
#   Set larger code cache with -XX:ReservedCodeCacheSize=
# This output file may be truncated or incomplete.
#
#  Out of Memory Error (allocation.cpp:390), pid=20604, tid=21096
#
# JRE version: Java(TM) SE Runtime Environment (8.0_40-b26) (build 1.8.0_40-b26)
# Java VM: Java HotSpot(TM) 64-Bit Server VM (25.40-b25 mixed mode windows-amd64 compressed oops)
# Failed to write core dump. Minidumps are not enabled by default on client versions of Windows
#

---------------  T H R E A D  ---------------

Current thread (0x000000001509a000):  JavaThread "C2 CompilerThread0" daemon [_thread_in_native, id=21096, stack(0x0000000016590000,0x0000000016690000)]

Stack: [0x0000000016590000,0x0000000016690000]
Native frames: (J=compiled Java code, j=interpreted, Vv=VM code, C=native code)
V  [jvm.dll+0x32b47a]
V  [jvm.dll+0x2797f3]
V  [jvm.dll+0x27a489]
V  [jvm.dll+0x2717a5]
V  [jvm.dll+0xcb9a2]
V  [jvm.dll+0xcbe6c]
V  [jvm.dll+0x476ea2]
V  [jvm.dll+0x4b950f]
V  [jvm.dll+0x46bc14]
V  [jvm.dll+0x46ccbe]
V  [jvm.dll+0x4500d2]
V  [jvm.dll+0xa4312]
V  [jvm.dll+0xa4c4f]
V  [jvm.dll+0x241914]
V  [jvm.dll+0x29848a]
C  [msvcr100.dll+0x21d9f]
C  [msvcr100.dll+0x21e3b]
C  [KERNEL32.DLL+0x12774]
C  [ntdll.dll+0x70d61]


Current CompileTask:
C2:   5295 1394       4       com.android.dx.dex.code.OutputFinisher::addConstants (93 bytes)


---------------  P R O C E S S  ---------------

Java Threads: ( => current thread )
  0x0000000002870800 JavaThread "DestroyJavaVM" [_thread_blocked, id=20568, stack(0x0000000002770000,0x0000000002870000)]
  0x00000000166f9800 JavaThread "Service Thread" daemon [_thread_blocked, id=16888, stack(0x0000000016c90000,0x0000000016d90000)]
  0x00000000166f3800 JavaThread "C1 CompilerThread2" daemon [_thread_blocked, id=9356, stack(0x0000000016b90000,0x0000000016c90000)]
  0x00000000166ab000 JavaThread "C2 CompilerThread1" daemon [_thread_in_native, id=20696, stack(0x0000000016a90000,0x0000000016b90000)]
=>0x000000001509a000 JavaThread "C2 CompilerThread0" daemon [_thread_in_native, id=21096, stack(0x0000000016590000,0x0000000016690000)]
  0x0000000015098000 JavaThread "Attach Listener" daemon [_thread_blocked, id=5316, stack(0x0000000016490000,0x0000000016590000)]
  0x000000001504e000 JavaThread "Signal Dispatcher" daemon [_thread_blocked, id=10576, stack(0x0000000016390000,0x0000000016490000)]
  0x0000000002960800 JavaThread "Finalizer" daemon [_thread_blocked, id=19032, stack(0x0000000016290000,0x0000000016390000)]
  0x000000000295d000 JavaThread "Reference Handler" daemon [_thread_blocked, id=19472, stack(0x0000000016190000,0x0000000016290000)]

Other Threads:
  0x0000000015008000 VMThread [stack: 0x0000000016090000,0x0000000016190000] [id=20564]
  0x0000000016702800 WatcherThread [stack: 0x0000000016d90000,0x0000000016e90000] [id=12928]

VM state:not at safepoint (normal execution)

VM Mutex/Monitor currently owned by a thread: None

Heap:
 PSYoungGen      total 38400K, used 10999K [0x00000000eab00000, 0x00000000ed580000, 0x0000000100000000)
  eden space 33280K, 17% used [0x00000000eab00000,0x00000000eb0bf430,0x00000000ecb80000)
  from space 5120K, 99% used [0x00000000ecb80000,0x00000000ed07eab0,0x00000000ed080000)
  to   space 5120K, 0% used [0x00000000ed080000,0x00000000ed080000,0x00000000ed580000)
 ParOldGen       total 87552K, used 2020K [0x00000000c0000000, 0x00000000c5580000, 0x00000000eab00000)
  object space 87552K, 2% used [0x00000000c0000000,0x00000000c01f9018,0x00000000c5580000)
 Metaspace       used 6392K, capacity 7220K, committed 7296K, reserved 1056768K
  class space    used 618K, capacity 620K, committed 640K, reserved 1048576K

Card table byte_map: [0x0000000011d30000,0x0000000011f40000] byte_map_base: 0x0000000011730000

Marking Bits: (ParMarkBitMap*) 0x0000000054db4040
 Begin Bits: [0x00000000124a0000, 0x00000000134a0000)
 End Bits:   [0x00000000134a0000, 0x00000000144a0000)

Polling page: 0x00000000025e0000

CodeCache: size=245760Kb used=6560Kb max_used=6560Kb free=239199Kb
 bounds [0x0000000002970000, 0x0000000002fe0000, 0x0000000011970000]
 total_blobs=1914 nmethods=1639 adapters=188
 compilation: enabled

Compilation events (10 events):
Event: 3.846 Thread 0x00000000166f3800 1398       1       com.android.dx.dex.code.OutputFinisher::hasAnyPositionInfo (5 bytes)
Event: 3.846 Thread 0x00000000166f3800 nmethod 1398 0x0000000002f32910 code [0x0000000002f32a60, 0x0000000002f32b70]
Event: 3.846 Thread 0x00000000166f3800 1399       3       com.android.dx.dex.code.StdCatchBuilder::hasAnyCatches (57 bytes)
Event: 3.847 Thread 0x00000000166f3800 nmethod 1399 0x0000000002f36690 code [0x0000000002f36880, 0x0000000002f375b8]
Event: 3.850 Thread 0x00000000166f3800 1400       3       com.android.dx.dex.file.CodeItem::addContents (174 bytes)
Event: 3.851 Thread 0x00000000166f3800 nmethod 1400 0x0000000002f37b10 code [0x0000000002f37e20, 0x0000000002f397c8]
Event: 3.853 Thread 0x00000000166f3800 1401       3       java.util.TreeMap$Entry::hashCode (42 bytes)
Event: 3.853 Thread 0x00000000166f3800 nmethod 1401 0x0000000002f3a290 code [0x0000000002f3a420, 0x0000000002f3a7b8]
Event: 3.853 Thread 0x00000000166f3800 1402       2       java.util.Arrays::hashCode (56 bytes)
Event: 3.853 Thread 0x00000000166f3800 nmethod 1402 0x0000000002f323d0 code [0x0000000002f32540, 0x0000000002f32768]

GC Heap History (2 events):
Event: 3.207 GC heap before
{Heap before GC invocations=1 (full 0):
 PSYoungGen      total 38400K, used 33280K [0x00000000eab00000, 0x00000000ed580000, 0x0000000100000000)
  eden space 33280K, 100% used [0x00000000eab00000,0x00000000ecb80000,0x00000000ecb80000)
  from space 5120K, 0% used [0x00000000ed080000,0x00000000ed080000,0x00000000ed580000)
  to   space 5120K, 0% used [0x00000000ecb80000,0x00000000ecb80000,0x00000000ed080000)
 ParOldGen       total 87552K, used 0K [0x00000000c0000000, 0x00000000c5580000, 0x00000000eab00000)
  object space 87552K, 0% used [0x00000000c0000000,0x00000000c0000000,0x00000000c5580000)
 Metaspace       used 5713K, capacity 6960K, committed 7040K, reserved 1056768K
  class space    used 559K, capacity 616K, committed 640K, reserved 1048576K
Event: 3.220 GC heap after
Heap after GC invocations=1 (full 0):
 PSYoungGen      total 38400K, used 5114K [0x00000000eab00000, 0x00000000ed580000, 0x0000000100000000)
  eden space 33280K, 0% used [0x00000000eab00000,0x00000000eab00000,0x00000000ecb80000)
  from space 5120K, 99% used [0x00000000ecb80000,0x00000000ed07eab0,0x00000000ed080000)
  to   space 5120K, 0% used [0x00000000ed080000,0x00000000ed080000,0x00000000ed580000)
 ParOldGen       total 87552K, used 2020K [0x00000000c0000000, 0x00000000c5580000, 0x00000000eab00000)
  object space 87552K, 2% used [0x00000000c0000000,0x00000000c01f9018,0x00000000c5580000)
 Metaspace       used 5713K, capacity 6960K, committed 7040K, reserved 1056768K
  class space    used 559K, capacity 616K, committed 640K, reserved 1048576K
}

Deoptimization events (10 events):
Event: 3.733 Thread 0x0000000002870800 Uncommon trap: reason=bimorphic action=maybe_recompile pc=0x0000000002be9098 method=java.util.HashMap.getNode(ILjava/lang/Object;)Ljava/util/HashMap$Node; @ 126
Event: 3.807 Thread 0x0000000002870800 Uncommon trap: reason=class_check action=maybe_recompile pc=0x0000000002dced88 method=java.util.Arrays.hashCode([Ljava/lang/Object;)I @ 43
Event: 3.807 Thread 0x0000000002870800 Uncommon trap: reason=class_check action=maybe_recompile pc=0x0000000002dced88 method=java.util.Arrays.hashCode([Ljava/lang/Object;)I @ 43
Event: 3.807 Thread 0x0000000002870800 Uncommon trap: reason=class_check action=maybe_recompile pc=0x0000000002dced88 method=java.util.Arrays.hashCode([Ljava/lang/Object;)I @ 43
Event: 3.807 Thread 0x0000000002870800 Uncommon trap: reason=class_check action=maybe_recompile pc=0x0000000002dced88 method=java.util.Arrays.hashCode([Ljava/lang/Object;)I @ 43
Event: 3.807 Thread 0x0000000002870800 Uncommon trap: reason=class_check action=maybe_recompile pc=0x0000000002dcce68 method=java.util.Arrays.hashCode([Ljava/lang/Object;)I @ 43
Event: 3.835 Thread 0x0000000002870800 Uncommon trap: reason=bimorphic action=maybe_recompile pc=0x0000000002da3b04 method=java.util.HashMap.putVal(ILjava/lang/Object;Ljava/lang/Object;ZZ)Ljava/lang/Object; @ 203
Event: 3.841 Thread 0x0000000002870800 Uncommon trap: reason=bimorphic action=maybe_recompile pc=0x0000000002da3b04 method=java.util.HashMap.putVal(ILjava/lang/Object;Ljava/lang/Object;ZZ)Ljava/lang/Object; @ 203
Event: 3.841 Thread 0x0000000002870800 Uncommon trap: reason=bimorphic action=maybe_recompile pc=0x0000000002da3b04 method=java.util.HashMap.putVal(ILjava/lang/Object;Ljava/lang/Object;ZZ)Ljava/lang/Object; @ 203
Event: 3.841 Thread 0x0000000002870800 Uncommon trap: reason=bimorphic action=maybe_recompile pc=0x0000000002da3b04 method=java.util.HashMap.putVal(ILjava/lang/Object;Ljava/lang/Object;ZZ)Ljava/lang/Object; @ 203

Internal exceptions (3 events):
Event: 0.238 Thread 0x0000000002870800 Exception <a 'java/lang/NoSuchMethodError': Method sun.misc.Unsafe.defineClass(Ljava/lang/String;[BII)Ljava/lang/Class; name or signature does not match> (0x00000000eab12ed8) thrown at [D:\re\workspace\8-2-build-windows-amd64-cygwin\jdk8u40\3098\hotspot\srÝ<ì>xÎ?
Event: 0.238 Thread 0x0000000002870800 Exception <a 'java/lang/NoSuchMethodError': Method sun.misc.Unsafe.prefetchRead(Ljava/lang/Object;J)V name or signature does not match> (0x00000000eab13168) thrown at [D:\re\workspace\8-2-build-windows-amd64-cygwin\jdk8u40\3098\hotspot\src\share\vm\prims\j…¹¿ú?
Event: 1.672 Thread 0x0000000002870800 Implicit null exception at 0x0000000002d336e2 to 0x0000000002d337d5

Events (10 events):
Event: 3.835 loading class com/android/dx/dex/file/CatchStructs done
Event: 3.841 Thread 0x0000000002870800 Uncommon trap: trap_request=0xffffffc6 fr.pc=0x0000000002da3b04
Event: 3.841 Thread 0x0000000002870800 DEOPT PACKING pc=0x0000000002da3b04 sp=0x000000000286e9a0
Event: 3.841 Thread 0x0000000002870800 DEOPT UNPACKING pc=0x00000000029b582a sp=0x000000000286e928 mode 2
Event: 3.841 Thread 0x0000000002870800 Uncommon trap: trap_request=0xffffffc6 fr.pc=0x0000000002da3b04
Event: 3.841 Thread 0x0000000002870800 DEOPT PACKING pc=0x0000000002da3b04 sp=0x000000000286e9a0
Event: 3.841 Thread 0x0000000002870800 DEOPT UNPACKING pc=0x00000000029b582a sp=0x000000000286e928 mode 2
Event: 3.841 Thread 0x0000000002870800 Uncommon trap: trap_request=0xffffffc6 fr.pc=0x0000000002da3b04
Event: 3.841 Thread 0x0000000002870800 DEOPT PACKING pc=0x0000000002da3b04 sp=0x000000000286e9a0
Event: 3.841 Thread 0x0000000002870800 DEOPT UNPACKING pc=0x00000000029b582a sp=0x000000000286e928 mode 2


Dynamic libraries:
0x00007ff61ff60000 - 0x00007ff61ff97000 	C:\Program Files\Java\jdk1.8.0_40\bin\java.exe
0x00007ffaed040000 - 0x00007ffaed21b000 	C:\WINDOWS\SYSTEM32\ntdll.dll
0x00007ffaec5d0000 - 0x00007ffaec67e000 	C:\WINDOWS\System32\KERNEL32.DLL
0x00007ffae99d0000 - 0x00007ffae9c19000 	C:\WINDOWS\System32\KERNELBASE.dll
0x00007ffaec7d0000 - 0x00007ffaec871000 	C:\WINDOWS\System32\ADVAPI32.dll
0x00007ffaeaad0000 - 0x00007ffaeab6d000 	C:\WINDOWS\System32\msvcrt.dll
0x00007ffaeaa40000 - 0x00007ffaeaa99000 	C:\WINDOWS\System32\sechost.dll
0x00007ffaec120000 - 0x00007ffaec245000 	C:\WINDOWS\System32\RPCRT4.dll
0x00007ffaec680000 - 0x00007ffaec7ca000 	C:\WINDOWS\System32\USER32.dll
0x00007ffae9dd0000 - 0x00007ffae9dee000 	C:\WINDOWS\System32\win32u.dll
0x00007ffaeaaa0000 - 0x00007ffaeaac7000 	C:\WINDOWS\System32\GDI32.dll
0x00007ffae9560000 - 0x00007ffae96e8000 	C:\WINDOWS\System32\gdi32full.dll
0x00007ffae96f0000 - 0x00007ffae978a000 	C:\WINDOWS\System32\msvcp_win.dll
0x00007ffae9c80000 - 0x00007ffae9d76000 	C:\WINDOWS\System32\ucrtbase.dll
0x00007ffae2f00000 - 0x00007ffae3167000 	C:\WINDOWS\WinSxS\amd64_microsoft.windows.common-controls_6595b64144ccf1df_6.0.15063.0_none_108e4f62dfe5d999\COMCTL32.dll
0x00007ffaec2d0000 - 0x00007ffaec5c9000 	C:\WINDOWS\System32\combase.dll
0x00007ffae9790000 - 0x00007ffae97fa000 	C:\WINDOWS\System32\bcryptPrimitives.dll
0x00007ffaea9b0000 - 0x00007ffaea9dd000 	C:\WINDOWS\System32\IMM32.DLL
0x0000000056580000 - 0x0000000056652000 	C:\Program Files\Java\jdk1.8.0_40\jre\bin\msvcr100.dll
0x00000000545b0000 - 0x0000000054e33000 	C:\Program Files\Java\jdk1.8.0_40\jre\bin\server\jvm.dll
0x00007ffaebfc0000 - 0x00007ffaebfc8000 	C:\WINDOWS\System32\PSAPI.DLL
0x00007ffae1da0000 - 0x00007ffae1da9000 	C:\WINDOWS\SYSTEM32\WSOCK32.dll
0x00007ffaea7d0000 - 0x00007ffaea83c000 	C:\WINDOWS\System32\WS2_32.dll
0x00007ffae1d90000 - 0x00007ffae1d9a000 	C:\WINDOWS\SYSTEM32\VERSION.dll
0x00007ffae6d40000 - 0x00007ffae6d63000 	C:\WINDOWS\SYSTEM32\WINMM.dll
0x00007ffae6ce0000 - 0x00007ffae6d0b000 	C:\WINDOWS\SYSTEM32\WINMMBASE.dll
0x00007ffae9d80000 - 0x00007ffae9dc9000 	C:\WINDOWS\System32\cfgmgr32.dll
0x0000000055390000 - 0x000000005539f000 	C:\Program Files\Java\jdk1.8.0_40\jre\bin\verify.dll
0x00000000552e0000 - 0x0000000055309000 	C:\Program Files\Java\jdk1.8.0_40\jre\bin\java.dll
0x00000000552c0000 - 0x00000000552d6000 	C:\Program Files\Java\jdk1.8.0_40\jre\bin\zip.dll
0x00007ffaeab70000 - 0x00007ffaebfa7000 	C:\WINDOWS\System32\SHELL32.dll
0x00007ffaec880000 - 0x00007ffaec92a000 	C:\WINDOWS\System32\shcore.dll
0x00007ffae9ea0000 - 0x00007ffaea592000 	C:\WINDOWS\System32\windows.storage.dll
0x00007ffaea840000 - 0x00007ffaea891000 	C:\WINDOWS\System32\shlwapi.dll
0x00007ffae9520000 - 0x00007ffae9531000 	C:\WINDOWS\System32\kernel.appcore.dll
0x00007ffae94d0000 - 0x00007ffae951c000 	C:\WINDOWS\System32\powrprof.dll
0x00007ffae9540000 - 0x00007ffae9555000 	C:\WINDOWS\System32\profapi.dll
0x00007ffad8960000 - 0x00007ffad8b09000 	C:\WINDOWS\SYSTEM32\dbghelp.dll

VM Arguments:
jvm_args: -Djava.awt.headless=true -Xmx1024M -Dfile.encoding=x-windows-950 -Duser.country=TW -Duser.language=zh -Duser.variant 
java_command: com.android.dx.command.Main --dex --force-jumbo --output C:\AndroidSDK\APP\app\build\intermediates\pre-dexed\debug\com.android.support-support-vector-drawable-23.2.1_6f6193c1df15ad07d44a7de7c1bbdc93cc599ed1.jar C:\AndroidSDK\APP\app\build\intermediates\exploded-aar\com.android.support\support-vector-drawable\23.2.1\jars\classes.jar
java_class_path (initial): C:\AndroidSDK\build-tools\21.1.2\lib\dx.jar
Launcher Type: SUN_STANDARD

Environment Variables:
PATH=C:\Program Files (x86)\NVIDIA Corporation\PhysX\Common;C:\ProgramData\Oracle\Java\javapath;C:\MinGW\bin;C:\Program Files\CMake\bin;C:\Program Files (x86)\Java\jre1.8.0_121\bin;C:\Program Files (x86)\Microsoft Visual Studio\2017\Community\Common7\IDE;C:\Program Files (x86)\Windows Kits\10\Windows Performance Toolkit\;C:\Python27;C:\boost-build\bin;C:\Python27\Scripts;;C:\WINDOWS\system32;C:\WINDOWS;C:\WINDOWS\System32\Wbem;C:\WINDOWS\System32\WindowsPowerShell\v1.0\;C:\Users\²Æ²Æ\AppData\Local\Microsoft\WindowsApps;
USERNAME=²Æ²Æ
OS=Windows_NT
PROCESSOR_IDENTIFIER=Intel64 Family 6 Model 69 Stepping 1, GenuineIntel



---------------  S Y S T E M  ---------------

OS: Windows 10.0 , 64 bit Build 15063 (10.0.15063.296)

CPU:total 4 (2 cores per cpu, 2 threads per core) family 6 model 69 stepping 1, cmov, cx8, fxsr, mmx, sse, sse2, sse3, ssse3, sse4.1, sse4.2, popcnt, avx, avx2, aes, clmul, erms, lzcnt, ht, tsc, tscinvbit, bmi1, bmi2

Memory: 4k page, physical 8287332k(915952k free), swap 11564128k(8228k free)

vm_info: Java HotSpot(TM) 64-Bit Server VM (25.40-b25) for windows-amd64 JRE (1.8.0_40-b26), built on Mar  7 2015 13:51:59 by "java_re" with MS VC++ 10.0 (VS2010)

time: Thu Jul 27 11:28:46 2017
elapsed time: 5 seconds (0d 0h 0m 5s)

